<?xml version="1.0" encoding="UTF-8"?>
<!-- Generated by org.testng.reporters.JUnitReportReporter -->
<testsuite hostname="LTIN217825" failures="0" tests="1" name="TestCase.TC01_HomePage" time="19.882" errors="0" timestamp="2024-02-14T10:44:02 IST" skipped="0">
  <testcase classname="TestCase.TC01_HomePage" name="homepage" time="19.882"/>
</testsuite> <!-- TestCase.TC01_HomePage -->
