<?xml version="1.0" encoding="UTF-8"?>
<!-- Generated by org.testng.reporters.JUnitReportReporter -->
<testsuite hostname="LTIN217825" failures="0" tests="2" name="TestCase.TC02_UpcomingBikes" time="51.979" errors="0" timestamp="2024-02-14T10:44:02 IST" skipped="0">
  <testcase classname="TestCase.TC02_UpcomingBikes" name="ManufacturerDrpDown" time="18.029"/>
  <testcase classname="TestCase.TC02_UpcomingBikes" name="bikeDetails" time="33.950"/>
</testsuite> <!-- TestCase.TC02_UpcomingBikes -->
