<?xml version="1.0" encoding="UTF-8"?>
<!-- Generated by org.testng.reporters.JUnitReportReporter -->
<testsuite hostname="LTIN217825" failures="0" tests="2" name="TestCase.TC04_LoginPage" time="6.646" errors="0" timestamp="2024-02-14T10:44:02 IST" skipped="0">
  <testcase classname="TestCase.TC04_LoginPage" name="LoginPageInHome" time="4.804"/>
  <testcase classname="TestCase.TC04_LoginPage" name="errorMessage" time="1.842"/>
</testsuite> <!-- TestCase.TC04_LoginPage -->
