<?xml version="1.0" encoding="UTF-8"?>
<!-- Generated by org.testng.reporters.JUnitReportReporter -->
<testsuite hostname="LTIN217825" failures="0" tests="3" name="TestCase.TC03_UsedCars" time="13.180" errors="0" timestamp="2024-02-14T10:44:02 IST" skipped="0">
  <testcase classname="TestCase.TC03_UsedCars" name="hoverOnUsedCars" time="2.574"/>
  <testcase classname="TestCase.TC03_UsedCars" name="location" time="4.809"/>
  <testcase classname="TestCase.TC03_UsedCars" name="brandAvailable" time="5.797"/>
</testsuite> <!-- TestCase.TC03_UsedCars -->
