<?xml version="1.0" encoding="UTF-8"?>
<!-- Generated by org.testng.reporters.JUnitReportReporter -->
<testsuite hostname="LTIN217825" failures="0" tests="1" name="TestCase.TC01_HomePage" time="38.292" errors="0" timestamp="2024-02-12T12:59:12 IST" skipped="0">
  <testcase classname="TestCase.TC01_HomePage" name="homepage" time="38.292"/>
</testsuite> <!-- TestCase.TC01_HomePage -->
