<?xml version="1.0" encoding="UTF-8"?>
<!-- Generated by org.testng.reporters.JUnitReportReporter -->
<testsuite hostname="LTIN217825" failures="0" tests="2" name="TestCase.TC04_LoginPage" time="9.171" errors="0" timestamp="2024-02-12T12:59:12 IST" skipped="0">
  <testcase classname="TestCase.TC04_LoginPage" name="LoginPageInHome" time="6.741"/>
  <testcase classname="TestCase.TC04_LoginPage" name="errorMessage" time="2.430"/>
</testsuite> <!-- TestCase.TC04_LoginPage -->
