<?xml version="1.0" encoding="UTF-8"?>
<!-- Generated by org.testng.reporters.JUnitReportReporter -->
<testsuite hostname="LTIN217825" failures="0" tests="3" name="TestCase.TC03_UsedCars" time="43.945" errors="0" timestamp="2024-02-12T12:59:12 IST" skipped="0">
  <testcase classname="TestCase.TC03_UsedCars" name="hoverOnUsedCars" time="2.690"/>
  <testcase classname="TestCase.TC03_UsedCars" name="location" time="33.898"/>
  <testcase classname="TestCase.TC03_UsedCars" name="brandAvailable" time="7.357"/>
</testsuite> <!-- TestCase.TC03_UsedCars -->
