<?xml version="1.0" encoding="UTF-8"?>
<!-- Generated by org.testng.reporters.JUnitReportReporter -->
<testsuite hostname="LTIN217825" failures="0" tests="2" name="TestCase.TC02_UpcomingBikes" time="59.758" errors="0" timestamp="2024-02-12T12:59:12 IST" skipped="0">
  <testcase classname="TestCase.TC02_UpcomingBikes" name="ManufacturerDrpDown" time="21.787"/>
  <testcase classname="TestCase.TC02_UpcomingBikes" name="bikeDetails" time="37.971"/>
</testsuite> <!-- TestCase.TC02_UpcomingBikes -->
